
2019-02-01 21:36:45 INFO [main] com.PhoneBook2.PhoneBook2Application : Starting PhoneBook2Application on Peters-MacBook-Pro.local with PID 14748 (started by peterantal in /Users/peterantal/Dropbox/Green fox Academy_DB/PhoneBook2)
2019-02-01 21:36:45 DEBUG [main] com.PhoneBook2.PhoneBook2Application : Running with Spring Boot, Spring
2019-02-01 21:36:45 INFO [main] com.PhoneBook2.PhoneBook2Application : No active profile set, falling back to default profiles: default
2019-02-01 21:36:46 INFO [main] com.PhoneBook2.PhoneBook2Application : Started PhoneBook2Application in 0.418 seconds (JVM running for 0.789)
2019-02-01 21:36:46 INFO [main] c.P.service.PhoneBookService : Local directory for phoneBook already exists
2019-02-01 21:36:59 INFO [main] com.PhoneBook2.PhoneBook2Application : Starting PhoneBook2Application on Peters-MacBook-Pro.local with PID 14784 (started by peterantal in /Users/peterantal/Dropbox/Green fox Academy_DB/PhoneBook2)
2019-02-01 21:36:59 DEBUG [main] com.PhoneBook2.PhoneBook2Application : Running with Spring Boot, Spring
2019-02-01 21:36:59 INFO [main] com.PhoneBook2.PhoneBook2Application : No active profile set, falling back to default profiles: default
2019-02-01 21:36:59 INFO [main] com.PhoneBook2.PhoneBook2Application : Started PhoneBook2Application in 0.431 seconds (JVM running for 0.831)
2019-02-01 21:36:59 INFO [main] c.P.service.PhoneBookService : Local directory for phoneBook already exists
2019-02-01 21:40:03 INFO [main] com.PhoneBook2.PhoneBook2Application : Starting PhoneBook2Application on Peters-MacBook-Pro.local with PID 15070 (started by peterantal in /Users/peterantal/Dropbox/Green fox Academy_DB/PhoneBook2)
2019-02-01 21:40:03 DEBUG [main] com.PhoneBook2.PhoneBook2Application : Running with Spring Boot, Spring
2019-02-01 21:40:03 INFO [main] com.PhoneBook2.PhoneBook2Application : No active profile set, falling back to default profiles: default
2019-02-01 21:40:04 INFO [main] com.PhoneBook2.PhoneBook2Application : Started PhoneBook2Application in 0.567 seconds (JVM running for 1.047)
2019-02-01 21:40:04 INFO [main] c.P.service.PhoneBookService : Local directory for phoneBook already exists
2019-02-01 21:40:22 INFO [main] c.P.service.PhoneBookService : New contact created with name: asdf asdf
2019-02-01 21:43:31 INFO [restartedMain] com.PhoneBook2.PhoneBook2Application : Starting PhoneBook2Application on Peters-MacBook-Pro.local with PID 15335 (started by peterantal in /Users/peterantal/Dropbox/Green fox Academy_DB/PhoneBook2)
2019-02-01 21:43:31 DEBUG [restartedMain] com.PhoneBook2.PhoneBook2Application : Running with Spring Boot v2.1.2.RELEASE, Spring v5.1.4.RELEASE
2019-02-01 21:43:31 INFO [restartedMain] com.PhoneBook2.PhoneBook2Application : No active profile set, falling back to default profiles: default
2019-02-01 21:43:32 INFO [restartedMain] com.PhoneBook2.PhoneBook2Application : Started PhoneBook2Application in 1.715 seconds (JVM running for 2.453)
2019-02-01 21:43:37 INFO [main] com.PhoneBook2.PhoneBook2Application : Starting PhoneBook2Application on Peters-MacBook-Pro.local with PID 15347 (started by peterantal in /Users/peterantal/Dropbox/Green fox Academy_DB/PhoneBook2)
2019-02-01 21:43:37 DEBUG [main] com.PhoneBook2.PhoneBook2Application : Running with Spring Boot, Spring
2019-02-01 21:43:37 INFO [main] com.PhoneBook2.PhoneBook2Application : No active profile set, falling back to default profiles: default
2019-02-01 21:43:37 INFO [main] com.PhoneBook2.PhoneBook2Application : Started PhoneBook2Application in 0.449 seconds (JVM running for 0.786)
2019-02-01 21:44:28 INFO [restartedMain] com.PhoneBook2.PhoneBook2Application : Starting PhoneBook2Application on Peters-MacBook-Pro.local with PID 15405 (started by peterantal in /Users/peterantal/Dropbox/Green fox Academy_DB/PhoneBook2)
2019-02-01 21:44:28 DEBUG [restartedMain] com.PhoneBook2.PhoneBook2Application : Running with Spring Boot v2.1.2.RELEASE, Spring v5.1.4.RELEASE
2019-02-01 21:44:28 INFO [restartedMain] com.PhoneBook2.PhoneBook2Application : No active profile set, falling back to default profiles: default
2019-02-01 21:44:29 INFO [restartedMain] com.PhoneBook2.PhoneBook2Application : Started PhoneBook2Application in 1.421 seconds (JVM running for 2.224)
